<?xml version="1.0" encoding="UTF-8"?>
<!-- Generated by org.testng.reporters.JUnitXMLReporter -->
<testsuite hostname="DESKTOP-RQQKIKJ" name="Default test" tests="5" failures="0" timestamp="31 Oct 2022 07:03:32 GMT" time="0.058" errors="0">
  <testcase name="test1" time="0.013" classname="org.git2.Gitlasttask$task1"/>
  <testcase name="test2" time="0.002" classname="org.git2.Gitlasttask$task1"/>
  <testcase name="testa" time="0.002" classname="org.git2.Gitlasttask$task1"/>
  <testcase name="testb" time="0.002" classname="org.git2.Gitlasttask$task1"/>
  <testcase name="testc" time="0.002" classname="org.git2.Gitlasttask$task1"/>
</testsuite> <!-- Default test -->
