<?xml version="1.0" encoding="UTF-8"?>
<testng-results skipped="0" failed="0" total="5" passed="5">
  <reporter-output>
  </reporter-output>
  <suite name="Default suite" duration-ms="58" started-at="2022-10-31T07:03:32Z" finished-at="2022-10-31T07:03:32Z">
    <groups>
    </groups>
    <test name="Default test" duration-ms="58" started-at="2022-10-31T07:03:32Z" finished-at="2022-10-31T07:03:32Z">
      <class name="org.git2.Gitlasttask$task1">
        <test-method status="PASS" signature="test1()[pri:0, instance:org.git2.Gitlasttask$task1@b97c004]" name="test1" duration-ms="13" started-at="2022-10-31T12:33:32Z" finished-at="2022-10-31T12:33:32Z">
          <reporter-output>
          </reporter-output>
        </test-method> <!-- test1 -->
        <test-method status="PASS" signature="test2()[pri:0, instance:org.git2.Gitlasttask$task1@b97c004]" name="test2" duration-ms="2" started-at="2022-10-31T12:33:32Z" finished-at="2022-10-31T12:33:32Z">
          <reporter-output>
          </reporter-output>
        </test-method> <!-- test2 -->
        <test-method status="PASS" signature="testa()[pri:0, instance:org.git2.Gitlasttask$task1@b97c004]" name="testa" duration-ms="2" started-at="2022-10-31T12:33:32Z" finished-at="2022-10-31T12:33:32Z">
          <reporter-output>
          </reporter-output>
        </test-method> <!-- testa -->
        <test-method status="PASS" signature="testb()[pri:0, instance:org.git2.Gitlasttask$task1@b97c004]" name="testb" duration-ms="2" started-at="2022-10-31T12:33:32Z" finished-at="2022-10-31T12:33:32Z">
          <reporter-output>
          </reporter-output>
        </test-method> <!-- testb -->
        <test-method status="PASS" signature="testc()[pri:0, instance:org.git2.Gitlasttask$task1@b97c004]" name="testc" duration-ms="2" started-at="2022-10-31T12:33:32Z" finished-at="2022-10-31T12:33:32Z">
          <reporter-output>
          </reporter-output>
        </test-method> <!-- testc -->
      </class> <!-- org.git2.Gitlasttask$task1 -->
    </test> <!-- Default test -->
  </suite> <!-- Default suite -->
</testng-results>
